0    INFO  [2016-10-19 17:17:13]  code: daa9a07ad8b6f28bcfad6c01c4e67778
8    DEBUG [2016-10-19 17:17:13]  Request:
8    DEBUG [2016-10-19 17:17:13]  POSThttps://api.weibo.com/oauth2/access_token
739  DEBUG [2016-10-19 17:17:14]  Response:
739  DEBUG [2016-10-19 17:17:14]  https StatusCode:200
739  DEBUG [2016-10-19 17:17:14]  Server:nginx/1.6.1
739  DEBUG [2016-10-19 17:17:14]  Date:Wed, 19 Oct 2016 09:17:50 GMT
739  DEBUG [2016-10-19 17:17:14]  Content-Type:text/plain;charset=UTF-8
739  DEBUG [2016-10-19 17:17:14]  Content-Length:117
739  DEBUG [2016-10-19 17:17:14]  Connection:keep-alive
739  DEBUG [2016-10-19 17:17:14]  Pragma:No-cache
739  DEBUG [2016-10-19 17:17:14]  Cache-Control:no-cache
739  DEBUG [2016-10-19 17:17:14]  Expires:Thu, 01 Jan 1970 00:00:00 GMT
739  DEBUG [2016-10-19 17:17:14]  Api-Server-IP:10.75.25.114
741  DEBUG [2016-10-19 17:17:14]  {"access_token":"2.00BrLZJEPkpW7D2f831121ccBcZw2C","remind_in":"157679999","expires_in":157679999,"uid":"3805905403"}

0    DEBUG [2016-10-19 18:04:27]  Request:
1    DEBUG [2016-10-19 18:04:27]  GET:https://api.weibo.com/2/users/show.json
28   DEBUG [2016-10-19 18:04:27]  Authorization: OAuth2 2.00BrLZJEPkpW7D2f831121ccBcZw2C
28   DEBUG [2016-10-19 18:04:27]  API-RemoteIP: 192.168.0.215
725  DEBUG [2016-10-19 18:04:28]  Response:
725  DEBUG [2016-10-19 18:04:28]  https StatusCode:200
725  DEBUG [2016-10-19 18:04:28]  Server:nginx/1.6.1
725  DEBUG [2016-10-19 18:04:28]  Date:Wed, 19 Oct 2016 10:05:04 GMT
725  DEBUG [2016-10-19 18:04:28]  Content-Type:application/json;charset=UTF-8
725  DEBUG [2016-10-19 18:04:28]  Transfer-Encoding:chunked
725  DEBUG [2016-10-19 18:04:28]  Connection:keep-alive
725  DEBUG [2016-10-19 18:04:28]  Api-Server-IP:10.77.108.41
725  DEBUG [2016-10-19 18:04:28]  Vary:Accept-Encoding
728  WARN  [2016-10-19 18:04:28]  Going to buffer response body of large or unknown size. Using getResponseBodyAsStream instead is recommended.
728  DEBUG [2016-10-19 18:04:28]  {"id":3805905403,"idstr":"3805905403","class":1,"screen_name":"依然依伤","name":"依然依伤","province":"31","city":"15","location":"上海 浦东新区","description":"十年，几个十年","url":"","profile_image_url":"http://tva4.sinaimg.cn/default/images/default_avatar_male_50.gif","profile_url":"u/3805905403","domain":"","weihao":"","gender":"m","followers_count":11,"friends_count":36,"pagefriends_count":0,"statuses_count":48,"favourites_count":0,"created_at":"Wed Sep 18 23:06:21 +0800 2013","following":false,"allow_all_act_msg":false,"geo_enabled":true,"verified":false,"verified_type":-1,"remark":"","status":{"created_at":"Wed Feb 24 14:57:42 +0800 2016","id":3946058243489248,"mid":"3946058243489248","idstr":"3946058243489248","text":"看直播，抽大奖，预约#小米5#开始啦！和千万米粉一起，边看直播边互动！小米5手机、光感版小米手环、新品F码等，不要钱免费送啦！ http://t.cn/RGKGntP","textLength":141,"source_allowclick":0,"source_type":1,"source":"<a href=\"http://app.weibo.com/t/feed/31iSj1\" rel=\"nofollow\">小米社区网站</a>","favorited":false,"truncated":false,"in_reply_to_status_id":"","in_reply_to_user_id":"","in_reply_to_screen_name":"","pic_urls":[{"thumbnail_pic":"http://ww4.sinaimg.cn/thumbnail/e2d981fbjw1f1afn2n4t1j20f00qodha.jpg"}],"thumbnail_pic":"http://ww4.sinaimg.cn/thumbnail/e2d981fbjw1f1afn2n4t1j20f00qodha.jpg","bmiddle_pic":"http://ww4.sinaimg.cn/bmiddle/e2d981fbjw1f1afn2n4t1j20f00qodha.jpg","original_pic":"http://ww4.sinaimg.cn/large/e2d981fbjw1f1afn2n4t1j20f00qodha.jpg","geo":null,"reposts_count":0,"comments_count":0,"attitudes_count":0,"isLongText":false,"mlevel":0,"visible":{"type":0,"list_id":0},"biz_feature":0,"page_type":32,"hasActionTypeCard":0,"darwin_tags":[],"hot_weibo_tags":[],"text_tag_tips":[],"userType":0,"positive_recom_flag":0,"gif_ids":"","is_show_bulletin":0},"ptype":0,"allow_all_comment":true,"avatar_large":"http://tva4.sinaimg.cn/default/images/default_avatar_male_180.gif","avatar_hd":"http://tva4.sinaimg.cn/default/images/default_avatar_male_180.gif","verified_reason":"","verified_trade":"","verified_reason_url":"","verified_source":"","verified_source_url":"","follow_me":false,"online_status":0,"bi_followers_count":3,"lang":"zh-cn","star":0,"mbtype":0,"mbrank":0,"block_word":0,"block_app":0,"credit_score":80,"user_ability":0,"urank":8}

754  INFO  [2016-10-19 18:04:28]  User [id=3805905403, screenName=依然依伤, name=依然依伤, province=31, city=15, location=上海 浦东新区, description=十年，几个十年, url=, profileImageUrl=http://tva4.sinaimg.cn/default/images/default_avatar_male_50.gif, userDomain=, gender=m, followersCount=11, friendsCount=36, statusesCount=48, favouritesCount=0, createdAt=Wed Sep 18 23:06:21 CST 2013, following=false, verified=false, verifiedType=-1, allowAllActMsg=false, allowAllComment=true, followMe=false, avatarLarge=http://tva4.sinaimg.cn/default/images/default_avatar_male_180.gif, onlineStatus=0, status=Status [user=null, idstr=3946058243489248, createdAt=Wed Feb 24 14:57:42 CST 2016, id=3946058243489248, text=看直播，抽大奖，预约#小米5#开始啦！和千万米粉一起，边看直播边互动！小米5手机、光感版小米手环、新品F码等，不要钱免费送啦！ http://t.cn/RGKGntP, source=Source [url=http://app.weibo.com/t/feed/31iSj1, relationShip=nofollow, name=小米社区网站], favorited=false, truncated=false, inReplyToStatusId=-1, inReplyToUserId=-1, inReplyToScreenName=, thumbnailPic=http://ww4.sinaimg.cn/thumbnail/e2d981fbjw1f1afn2n4t1j20f00qodha.jpg, bmiddlePic=http://ww4.sinaimg.cn/bmiddle/e2d981fbjw1f1afn2n4t1j20f00qodha.jpg, originalPic=http://ww4.sinaimg.cn/large/e2d981fbjw1f1afn2n4t1j20f00qodha.jpg, retweetedStatus=null, geo=null, latitude=-1.0, longitude=-1.0, repostsCount=0, commentsCount=0, mid=3946058243489248, annotations=, mlevel=0, visible=Visible [type=0, list_id=0]], biFollowersCount=3, remark=null, lang=zh-cn, verifiedReason=, weihao=, statusId=]
0    INFO  [2016-10-21 17:06:58]  code: 5e999390954cc04cf7c090cc9c6fbfb2
57   DEBUG [2016-10-21 17:06:58]  Request:
57   DEBUG [2016-10-21 17:06:58]  POSThttps://api.weibo.com/oauth2/access_token
820  DEBUG [2016-10-21 17:06:59]  Response:
820  DEBUG [2016-10-21 17:06:59]  https StatusCode:200
820  DEBUG [2016-10-21 17:06:59]  Server:nginx/1.6.1
820  DEBUG [2016-10-21 17:06:59]  Date:Fri, 21 Oct 2016 09:07:34 GMT
821  DEBUG [2016-10-21 17:06:59]  Content-Type:text/plain;charset=UTF-8
821  DEBUG [2016-10-21 17:06:59]  Content-Length:117
821  DEBUG [2016-10-21 17:06:59]  Connection:keep-alive
821  DEBUG [2016-10-21 17:06:59]  Pragma:No-cache
821  DEBUG [2016-10-21 17:06:59]  Cache-Control:no-cache
821  DEBUG [2016-10-21 17:06:59]  Expires:Thu, 01 Jan 1970 00:00:00 GMT
821  DEBUG [2016-10-21 17:06:59]  Api-Server-IP:172.16.138.66
846  DEBUG [2016-10-21 17:06:59]  {"access_token":"2.00BrLZJEPkpW7D2f831121ccBcZw2C","remind_in":"157679999","expires_in":157679999,"uid":"3805905403"}

0    DEBUG [2016-10-21 17:08:30]  Request:
1    DEBUG [2016-10-21 17:08:30]  GET:https://api.weibo.com/2/users/show.json
36   DEBUG [2016-10-21 17:08:30]  Authorization: OAuth2 2.00BrLZJEPkpW7D2f831121ccBcZw2C
36   DEBUG [2016-10-21 17:08:30]  API-RemoteIP: 192.168.0.215
628  DEBUG [2016-10-21 17:08:31]  Response:
628  DEBUG [2016-10-21 17:08:31]  https StatusCode:200
628  DEBUG [2016-10-21 17:08:31]  Server:nginx/1.6.1
628  DEBUG [2016-10-21 17:08:31]  Date:Fri, 21 Oct 2016 09:09:06 GMT
628  DEBUG [2016-10-21 17:08:31]  Content-Type:application/json;charset=UTF-8
628  DEBUG [2016-10-21 17:08:31]  Transfer-Encoding:chunked
628  DEBUG [2016-10-21 17:08:31]  Connection:keep-alive
628  DEBUG [2016-10-21 17:08:31]  Api-Server-IP:10.77.108.104
628  DEBUG [2016-10-21 17:08:31]  Vary:Accept-Encoding
630  WARN  [2016-10-21 17:08:31]  Going to buffer response body of large or unknown size. Using getResponseBodyAsStream instead is recommended.
630  DEBUG [2016-10-21 17:08:31]  {"id":3805905403,"idstr":"3805905403","class":1,"screen_name":"依然依伤","name":"依然依伤","province":"31","city":"15","location":"上海 浦东新区","description":"十年，几个十年","url":"","profile_image_url":"http://tva4.sinaimg.cn/default/images/default_avatar_male_50.gif","cover_image_phone":"http://ww1.sinaimg.cn/crop.0.0.640.640.640/549d0121tw1egm1kjly3jj20hs0hsq4f.jpg","profile_url":"u/3805905403","domain":"","weihao":"","gender":"m","followers_count":11,"friends_count":36,"pagefriends_count":0,"statuses_count":48,"favourites_count":0,"created_at":"Wed Sep 18 23:06:21 +0800 2013","following":false,"allow_all_act_msg":false,"geo_enabled":true,"verified":false,"verified_type":-1,"remark":"","status":{"created_at":"Wed Feb 24 14:57:42 +0800 2016","id":3946058243489248,"mid":"3946058243489248","idstr":"3946058243489248","text":"看直播，抽大奖，预约#小米5#开始啦！和千万米粉一起，边看直播边互动！小米5手机、光感版小米手环、新品F码等，不要钱免费送啦！ http://t.cn/RGKGntP","textLength":141,"source_allowclick":0,"source_type":1,"source":"<a href=\"http://app.weibo.com/t/feed/31iSj1\" rel=\"nofollow\">小米社区网站</a>","favorited":false,"truncated":false,"in_reply_to_status_id":"","in_reply_to_user_id":"","in_reply_to_screen_name":"","pic_urls":[{"thumbnail_pic":"http://ww4.sinaimg.cn/thumbnail/e2d981fbjw1f1afn2n4t1j20f00qodha.jpg"}],"thumbnail_pic":"http://ww4.sinaimg.cn/thumbnail/e2d981fbjw1f1afn2n4t1j20f00qodha.jpg","bmiddle_pic":"http://ww4.sinaimg.cn/bmiddle/e2d981fbjw1f1afn2n4t1j20f00qodha.jpg","original_pic":"http://ww4.sinaimg.cn/large/e2d981fbjw1f1afn2n4t1j20f00qodha.jpg","geo":null,"reposts_count":0,"comments_count":0,"attitudes_count":0,"isLongText":false,"mlevel":0,"visible":{"type":0,"list_id":0},"biz_feature":0,"page_type":32,"hasActionTypeCard":0,"darwin_tags":[],"hot_weibo_tags":[],"text_tag_tips":[],"userType":0,"positive_recom_flag":0,"gif_ids":"","is_show_bulletin":0},"ptype":0,"allow_all_comment":true,"avatar_large":"http://tva4.sinaimg.cn/default/images/default_avatar_male_180.gif","avatar_hd":"http://tva4.sinaimg.cn/default/images/default_avatar_male_180.gif","verified_reason":"","verified_trade":"","verified_reason_url":"","verified_source":"","verified_source_url":"","follow_me":false,"online_status":0,"bi_followers_count":3,"lang":"zh-cn","star":0,"mbtype":0,"mbrank":0,"block_word":0,"block_app":0,"credit_score":80,"user_ability":0,"urank":8}

670  INFO  [2016-10-21 17:08:31]  User [id=3805905403, screenName=依然依伤, name=依然依伤, province=31, city=15, location=上海 浦东新区, description=十年，几个十年, url=, profileImageUrl=http://tva4.sinaimg.cn/default/images/default_avatar_male_50.gif, userDomain=, gender=m, followersCount=11, friendsCount=36, statusesCount=48, favouritesCount=0, createdAt=Wed Sep 18 23:06:21 CST 2013, following=false, verified=false, verifiedType=-1, allowAllActMsg=false, allowAllComment=true, followMe=false, avatarLarge=http://tva4.sinaimg.cn/default/images/default_avatar_male_180.gif, onlineStatus=0, status=Status [user=null, idstr=3946058243489248, createdAt=Wed Feb 24 14:57:42 CST 2016, id=3946058243489248, text=看直播，抽大奖，预约#小米5#开始啦！和千万米粉一起，边看直播边互动！小米5手机、光感版小米手环、新品F码等，不要钱免费送啦！ http://t.cn/RGKGntP, source=Source [url=http://app.weibo.com/t/feed/31iSj1, relationShip=nofollow, name=小米社区网站], favorited=false, truncated=false, inReplyToStatusId=-1, inReplyToUserId=-1, inReplyToScreenName=, thumbnailPic=http://ww4.sinaimg.cn/thumbnail/e2d981fbjw1f1afn2n4t1j20f00qodha.jpg, bmiddlePic=http://ww4.sinaimg.cn/bmiddle/e2d981fbjw1f1afn2n4t1j20f00qodha.jpg, originalPic=http://ww4.sinaimg.cn/large/e2d981fbjw1f1afn2n4t1j20f00qodha.jpg, retweetedStatus=null, geo=null, latitude=-1.0, longitude=-1.0, repostsCount=0, commentsCount=0, mid=3946058243489248, annotations=, mlevel=0, visible=Visible [type=0, list_id=0]], biFollowersCount=3, remark=null, lang=zh-cn, verifiedReason=, weihao=, statusId=]
0    DEBUG [2016-11-02 20:51:45]  Request:
20   DEBUG [2016-11-02 20:51:45]  GET:https://api.weibo.com/2/users/show.json
250  DEBUG [2016-11-02 20:51:46]  Authorization: OAuth2 2.00BrLZJEPkpW7D2f831121ccBcZw2C
251  DEBUG [2016-11-02 20:51:46]  API-RemoteIP: 192.168.1.111
0    INFO  [2016-11-02 20:56:31]  code: 58d943bfc7b2509c156a7a3b39299648
39   DEBUG [2016-11-02 20:56:31]  Request:
40   DEBUG [2016-11-02 20:56:31]  POSThttps://api.weibo.com/oauth2/access_token
1269 DEBUG [2016-11-02 20:56:32]  Response:
1270 DEBUG [2016-11-02 20:56:32]  https StatusCode:401
1270 DEBUG [2016-11-02 20:56:32]  Server:nginx/1.6.1
1270 DEBUG [2016-11-02 20:56:32]  Date:Wed, 02 Nov 2016 12:56:03 GMT
1271 DEBUG [2016-11-02 20:56:32]  Transfer-Encoding:chunked
1271 DEBUG [2016-11-02 20:56:32]  Connection:keep-alive
1272 DEBUG [2016-11-02 20:56:32]  Pragma:No-cache
1272 DEBUG [2016-11-02 20:56:32]  Cache-Control:no-cache
1273 DEBUG [2016-11-02 20:56:32]  Expires:Thu, 01 Jan 1970 00:00:00 GMT
1273 DEBUG [2016-11-02 20:56:32]  Api-Server-IP:10.75.25.114
1280 WARN  [2016-11-02 20:56:32]  Going to buffer response body of large or unknown size. Using getResponseBodyAsStream instead is recommended.
1282 DEBUG [2016-11-02 20:56:32]  {"error":"invalid_client","error_code":21324,"request":"/oauth2/access_token","error_uri":"/oauth2/access_token","error_description":"client_secret error."}

1292 INFO  [2016-11-02 20:56:32]  Unable to get the access token.
0    DEBUG [2016-11-07 09:53:25]  Request:
0    DEBUG [2016-11-07 09:53:25]  GET:https://api.weibo.com/2/users/show.json
173  DEBUG [2016-11-07 09:53:25]  Authorization: OAuth2 2.00BrLZJEPkpW7D2f831121ccBcZw2C
173  DEBUG [2016-11-07 09:53:25]  API-RemoteIP: 192.168.0.215
1426 DEBUG [2016-11-07 09:53:26]  Response:
1426 DEBUG [2016-11-07 09:53:26]  https StatusCode:200
1426 DEBUG [2016-11-07 09:53:26]  Server:nginx/1.6.1
1427 DEBUG [2016-11-07 09:53:26]  Date:Mon, 07 Nov 2016 01:54:03 GMT
1427 DEBUG [2016-11-07 09:53:26]  Content-Type:application/json;charset=UTF-8
1427 DEBUG [2016-11-07 09:53:26]  Transfer-Encoding:chunked
1427 DEBUG [2016-11-07 09:53:26]  Connection:keep-alive
1427 DEBUG [2016-11-07 09:53:26]  Api-Server-IP:10.77.108.51
1427 DEBUG [2016-11-07 09:53:26]  Vary:Accept-Encoding
1429 WARN  [2016-11-07 09:53:26]  Going to buffer response body of large or unknown size. Using getResponseBodyAsStream instead is recommended.
1429 DEBUG [2016-11-07 09:53:26]  {"id":3805905403,"idstr":"3805905403","class":1,"screen_name":"依然依伤","name":"依然依伤","province":"31","city":"15","location":"上海 浦东新区","description":"人生有几个十年","url":"","profile_image_url":"http://tva4.sinaimg.cn/crop.0.0.664.664.50/e2d981fbjw8f9hfqgoxdtj20ig0igtbq.jpg","cover_image_phone":"http://ww1.sinaimg.cn/crop.0.0.640.640.640/549d0121tw1egm1kjly3jj20hs0hsq4f.jpg","profile_url":"u/3805905403","domain":"","weihao":"","gender":"m","followers_count":13,"friends_count":41,"pagefriends_count":0,"statuses_count":51,"favourites_count":0,"created_at":"Wed Sep 18 23:06:21 +0800 2013","following":false,"allow_all_act_msg":false,"geo_enabled":true,"verified":false,"verified_type":-1,"remark":"","status":{"created_at":"Sun Nov 06 14:57:29 +0800 2016","id":4038829486375405,"mid":"4038829486375405","idstr":"4038829486375405","text":"一个人不主动说话，一个星期，一个月后会怎样 分享了张国荣的单曲《沉默是金》http://t.cn/RfvD0l1（@网易云音乐）","textLength":107,"source_allowclick":1,"source_type":1,"source":"<a href=\"http://app.weibo.com/t/feed/u6BYq\" rel=\"nofollow\">网易云音乐</a>","favorited":false,"truncated":false,"in_reply_to_status_id":"","in_reply_to_user_id":"","in_reply_to_screen_name":"","pic_urls":[],"geo":null,"annotations":[{"sdk_request":true}],"reposts_count":0,"comments_count":0,"attitudes_count":0,"isLongText":false,"mlevel":0,"visible":{"type":0,"list_id":0},"biz_ids":[230435],"biz_feature":0,"hasActionTypeCard":0,"darwin_tags":[],"hot_weibo_tags":[],"text_tag_tips":[],"userType":0,"positive_recom_flag":0,"gif_ids":"","is_show_bulletin":2},"ptype":0,"allow_all_comment":true,"avatar_large":"http://tva4.sinaimg.cn/crop.0.0.664.664.180/e2d981fbjw8f9hfqgoxdtj20ig0igtbq.jpg","avatar_hd":"http://tva4.sinaimg.cn/crop.0.0.664.664.1024/e2d981fbjw8f9hfqgoxdtj20ig0igtbq.jpg","verified_reason":"","verified_trade":"","verified_reason_url":"","verified_source":"","verified_source_url":"","follow_me":false,"online_status":0,"bi_followers_count":4,"lang":"zh-cn","star":0,"mbtype":0,"mbrank":0,"block_word":0,"block_app":0,"credit_score":80,"user_ability":0,"urank":9}

1454 INFO  [2016-11-07 09:53:26]  User [id=3805905403, screenName=依然依伤, name=依然依伤, province=31, city=15, location=上海 浦东新区, description=人生有几个十年, url=, profileImageUrl=http://tva4.sinaimg.cn/crop.0.0.664.664.50/e2d981fbjw8f9hfqgoxdtj20ig0igtbq.jpg, userDomain=, gender=m, followersCount=13, friendsCount=41, statusesCount=51, favouritesCount=0, createdAt=Wed Sep 18 23:06:21 CST 2013, following=false, verified=false, verifiedType=-1, allowAllActMsg=false, allowAllComment=true, followMe=false, avatarLarge=http://tva4.sinaimg.cn/crop.0.0.664.664.180/e2d981fbjw8f9hfqgoxdtj20ig0igtbq.jpg, onlineStatus=0, status=Status [user=null, idstr=4038829486375405, createdAt=Sun Nov 06 14:57:29 CST 2016, id=4038829486375405, text=一个人不主动说话，一个星期，一个月后会怎样 分享了张国荣的单曲《沉默是金》http://t.cn/RfvD0l1（@网易云音乐）, source=Source [url=http://app.weibo.com/t/feed/u6BYq, relationShip=nofollow, name=网易云音乐], favorited=false, truncated=false, inReplyToStatusId=-1, inReplyToUserId=-1, inReplyToScreenName=, thumbnailPic=, bmiddlePic=, originalPic=, retweetedStatus=null, geo=null, latitude=-1.0, longitude=-1.0, repostsCount=0, commentsCount=0, mid=4038829486375405, annotations=[{"sdk_request":true}], mlevel=0, visible=Visible [type=0, list_id=0]], biFollowersCount=4, remark=null, lang=zh-cn, verifiedReason=, weihao=, statusId=]
